Change component parameters (AddParameter): Name = "Value"; Value = "0.1uF"; VariantName = "[No Variations]"
Change component parameters. Clean all parameters for all variants
Change component parameters (AddParameter): Name = "Value"; Value = "0.1uF"; VariantName = "[No Variations]"
Change component parameters (AddParameter): Name = "Value"; Value = "0.1uF"; VariantName = "[No Variations]"
Change component parameters. Clean all parameters for all variants
Change component parameters (AddParameter): Name = "Value"; Value = "0.1uF"; VariantName = "[No Variations]"
Add component (AddParameter): Name = "Value"; Value = "470uF/25V"; VariantName = "[No Variations]"
Added Component: Designator=C16(CP1/2)
Add component. Clean all parameters for all variants
Add component (AddParameter): Name = "Value"; Value = "470uF/25V"; VariantName = "[No Variations]"
Add component (AddParameter): Name = "Value"; Value = "470uF/25V"; VariantName = "[No Variations]"
Added Component: Designator=C17(CP1/2)
Add component. Clean all parameters for all variants
Add component (AddParameter): Name = "Value"; Value = "470uF/25V"; VariantName = "[No Variations]"
Added Pin To Net: NetName=Vin Pin=C16-1
Added Pin To Net: NetName=S2 Pin=C16-2
Added Pin To Net: NetName=NetC2_2 Pin=C17-1
Added Pin To Net: NetName=S2 Pin=C17-2
Added Member To Class: ClassName=SCHEMATIC_BUCK_OFFICIAL Member=Component C16 Cap Pol
Added Member To Class: ClassName=SCHEMATIC_BUCK_OFFICIAL Member=Component C17 Cap Pol
Added Room: Name=SCHEMATIC_BUCK_OFFICIAL
