Added Component: Designator=*?(IR_2110_2)
Add component. Clean all parameters for all variants
Add component (AddParameter): Name = "Value"; Value = "470uF/25V"; VariantName = "[No Variations]"
Added Component: Designator=C?(CP1/2)
Add component. Clean all parameters for all variants
Add component (AddParameter): Name = "Value"; Value = "470uF/25V"; VariantName = "[No Variations]"
Add component (AddParameter): Name = "Value"; Value = "100nF"; VariantName = "[No Variations]"
Added Component: Designator=C?(CN1)
Add component. Clean all parameters for all variants
Add component (AddParameter): Name = "Value"; Value = "100nF"; VariantName = "[No Variations]"
Add component (AddParameter): Name = "Value"; Value = "1nF"; VariantName = "[No Variations]"
Added Component: Designator=C?(CN1)
Add component. Clean all parameters for all variants
Add component (AddParameter): Name = "Value"; Value = "1nF"; VariantName = "[No Variations]"
Add component (AddParameter): Name = "Value"; Value = "10nF"; VariantName = "[No Variations]"
Added Component: Designator=C?(CN1)
Add component. Clean all parameters for all variants
Add component (AddParameter): Name = "Value"; Value = "10nF"; VariantName = "[No Variations]"
Add component (AddParameter): Name = "Value"; Value = "100nF"; VariantName = "[No Variations]"
Added Component: Designator=C?(CN1)
Add component. Clean all parameters for all variants
Add component (AddParameter): Name = "Value"; Value = "100nF"; VariantName = "[No Variations]"
Add component (AddParameter): Name = "Value"; Value = "100nF"; VariantName = "[No Variations]"
Added Component: Designator=C?(CN1)
Add component. Clean all parameters for all variants
Add component (AddParameter): Name = "Value"; Value = "100nF"; VariantName = "[No Variations]"
Add component (AddParameter): Name = "Value"; Value = "100nF"; VariantName = "[No Variations]"
Added Component: Designator=C?(CN1)
Add component. Clean all parameters for all variants
Add component (AddParameter): Name = "Value"; Value = "100nF"; VariantName = "[No Variations]"
Add component (AddParameter): Name = "Value"; Value = "10uF"; VariantName = "[No Variations]"
Added Component: Designator=C?(CP1/2)
Add component. Clean all parameters for all variants
Add component (AddParameter): Name = "Value"; Value = "10uF"; VariantName = "[No Variations]"
Add component (AddParameter): Name = "Value"; Value = "1uF"; VariantName = "[No Variations]"
Added Component: Designator=C?(CP1/2)
Add component. Clean all parameters for all variants
Add component (AddParameter): Name = "Value"; Value = "1uF"; VariantName = "[No Variations]"
Add component (AddParameter): Name = "Value"; Value = "470uF/50V"; VariantName = "[No Variations]"
Added Component: Designator=C?(CP1/2)
Add component. Clean all parameters for all variants
Add component (AddParameter): Name = "Value"; Value = "470uF/50V"; VariantName = "[No Variations]"
Add component (AddParameter): Name = "Value"; Value = "0.1uF"; VariantName = "[No Variations]"
Added Component: Designator=C?(CN1)
Add component. Clean all parameters for all variants
Add component (AddParameter): Name = "Value"; Value = "0.1uF"; VariantName = "[No Variations]"
Add component (AddParameter): Name = "Value"; Value = "0.33uF"; VariantName = "[No Variations]"
Added Component: Designator=C?(CN1)
Add component. Clean all parameters for all variants
Add component (AddParameter): Name = "Value"; Value = "0.33uF"; VariantName = "[No Variations]"
Add component (AddParameter): Name = "Value"; Value = "0.1uF"; VariantName = "[No Variations]"
Added Component: Designator=C?(CN1)
Add component. Clean all parameters for all variants
Add component (AddParameter): Name = "Value"; Value = "0.1uF"; VariantName = "[No Variations]"
Add component (AddParameter): Name = "Value"; Value = "0.33uF"; VariantName = "[No Variations]"
Added Component: Designator=C?(CN1)
Add component. Clean all parameters for all variants
Add component (AddParameter): Name = "Value"; Value = "0.33uF"; VariantName = "[No Variations]"
Add component (AddParameter): Name = "Value"; Value = "10nF"; VariantName = "[No Variations]"
Added Component: Designator=C?(CN1)
Add component. Clean all parameters for all variants
Add component (AddParameter): Name = "Value"; Value = "10nF"; VariantName = "[No Variations]"
Added Component: Designator=D?(LED-3mm)
Add component. Clean all parameters for all variants
Added Component: Designator=D?(LED-3mm)
Add component. Clean all parameters for all variants
Added Component: Designator=D?(D1A)
Add component. Clean all parameters for all variants
Add component (AddParameter): Name = "Value"; Value = "LM358"; VariantName = "[No Variations]"
Added Component: Designator=IC?(DIP8/W0.3)
Add component. Clean all parameters for all variants
Add component (AddParameter): Name = "Value"; Value = "LM358"; VariantName = "[No Variations]"
Add component (AddParameter): Name = "Value"; Value = "150 mH"; VariantName = "[No Variations]"
Added Component: Designator=L?(L/0.4)
Add component. Clean all parameters for all variants
Add component (AddParameter): Name = "Value"; Value = "150 mH"; VariantName = "[No Variations]"
Added Component: Designator=LM?(QTO-220)
Add component. Clean all parameters for all variants
Added Component: Designator=LM?(QTO-220)
Add component. Clean all parameters for all variants
Add component (AddParameter): Name = "LatestRevisionDate"; Value = "17-Jul-2002"; VariantName = "[No Variations]"
Add component (AddParameter): Name = "LatestRevisionNote"; Value = "Re-released for DXP Platform."; VariantName = "[No Variations]"
Add component (AddParameter): Name = "Publisher"; Value = "Altium Limited"; VariantName = "[No Variations]"
Added Component: Designator=P?(JP3)
Add component. Clean all parameters for all variants
Add component (AddParameter): Name = "LatestRevisionDate"; Value = "17-Jul-2002"; VariantName = "[No Variations]"
Add component (AddParameter): Name = "LatestRevisionNote"; Value = "Re-released for DXP Platform."; VariantName = "[No Variations]"
Add component (AddParameter): Name = "Publisher"; Value = "Altium Limited"; VariantName = "[No Variations]"
Add component (AddParameter): Name = "LatestRevisionDate"; Value = "17-Jul-2002"; VariantName = "[No Variations]"
Add component (AddParameter): Name = "LatestRevisionNote"; Value = "Re-released for DXP Platform."; VariantName = "[No Variations]"
Add component (AddParameter): Name = "Publisher"; Value = "Altium Limited"; VariantName = "[No Variations]"
Added Component: Designator=P?(JP3)
Add component. Clean all parameters for all variants
Add component (AddParameter): Name = "LatestRevisionDate"; Value = "17-Jul-2002"; VariantName = "[No Variations]"
Add component (AddParameter): Name = "LatestRevisionNote"; Value = "Re-released for DXP Platform."; VariantName = "[No Variations]"
Add component (AddParameter): Name = "Publisher"; Value = "Altium Limited"; VariantName = "[No Variations]"
Add component (AddParameter): Name = "LatestRevisionDate"; Value = "17-Jul-2002"; VariantName = "[No Variations]"
Add component (AddParameter): Name = "LatestRevisionNote"; Value = "Re-released for DXP Platform."; VariantName = "[No Variations]"
Add component (AddParameter): Name = "Publisher"; Value = "Altium Limited"; VariantName = "[No Variations]"
Added Component: Designator=P?(DOMINO 2- 5mm)
Add component. Clean all parameters for all variants
Add component (AddParameter): Name = "LatestRevisionDate"; Value = "17-Jul-2002"; VariantName = "[No Variations]"
Add component (AddParameter): Name = "LatestRevisionNote"; Value = "Re-released for DXP Platform."; VariantName = "[No Variations]"
Add component (AddParameter): Name = "Publisher"; Value = "Altium Limited"; VariantName = "[No Variations]"
Add component (AddParameter): Name = "LatestRevisionDate"; Value = "17-Jul-2002"; VariantName = "[No Variations]"
Add component (AddParameter): Name = "LatestRevisionNote"; Value = "Re-released for DXP Platform."; VariantName = "[No Variations]"
Add component (AddParameter): Name = "Publisher"; Value = "Altium Limited"; VariantName = "[No Variations]"
Added Component: Designator=P?(DOMINO 2- 5mm)
Add component. Clean all parameters for all variants
Add component (AddParameter): Name = "LatestRevisionDate"; Value = "17-Jul-2002"; VariantName = "[No Variations]"
Add component (AddParameter): Name = "LatestRevisionNote"; Value = "Re-released for DXP Platform."; VariantName = "[No Variations]"
Add component (AddParameter): Name = "Publisher"; Value = "Altium Limited"; VariantName = "[No Variations]"
Add component (AddParameter): Name = "Value"; Value = "IRF840"; VariantName = "[No Variations]"
Added Component: Designator=Q?(QTO-220)
Add component. Clean all parameters for all variants
Add component (AddParameter): Name = "Value"; Value = "IRF840"; VariantName = "[No Variations]"
Add component (AddParameter): Name = "Value"; Value = "IRF840"; VariantName = "[No Variations]"
Added Component: Designator=Q?(QTO-220)
Add component. Clean all parameters for all variants
Add component (AddParameter): Name = "Value"; Value = "IRF840"; VariantName = "[No Variations]"
Add component (AddParameter): Name = "Value"; Value = "1K"; VariantName = "[No Variations]"
Added Component: Designator=R?(RES 1/2W)
Add component. Clean all parameters for all variants
Add component (AddParameter): Name = "Value"; Value = "1K"; VariantName = "[No Variations]"
Add component (AddParameter): Name = "Value"; Value = "1K"; VariantName = "[No Variations]"
Added Component: Designator=R?(RES 1/2W)
Add component. Clean all parameters for all variants
Add component (AddParameter): Name = "Value"; Value = "1K"; VariantName = "[No Variations]"
Add component (AddParameter): Name = "Value"; Value = "27"; VariantName = "[No Variations]"
Added Component: Designator=R?(RES-SM-0805)
Add component. Clean all parameters for all variants
Add component (AddParameter): Name = "Value"; Value = "27"; VariantName = "[No Variations]"
Add component (AddParameter): Name = "Value"; Value = "1K"; VariantName = "[No Variations]"
Added Component: Designator=R?(RES 1/2W)
Add component. Clean all parameters for all variants
Add component (AddParameter): Name = "Value"; Value = "1K"; VariantName = "[No Variations]"
Add component (AddParameter): Name = "Value"; Value = "2.2K"; VariantName = "[No Variations]"
Added Component: Designator=R?(RES 1/2W)
Add component. Clean all parameters for all variants
Add component (AddParameter): Name = "Value"; Value = "2.2K"; VariantName = "[No Variations]"
Add component (AddParameter): Name = "Value"; Value = "47K"; VariantName = "[No Variations]"
Added Component: Designator=R?(RES 1/2W)
Add component. Clean all parameters for all variants
Add component (AddParameter): Name = "Value"; Value = "47K"; VariantName = "[No Variations]"
Add component (AddParameter): Name = "Value"; Value = "10"; VariantName = "[No Variations]"
Added Component: Designator=R?(RES 1/2W)
Add component. Clean all parameters for all variants
Add component (AddParameter): Name = "Value"; Value = "10"; VariantName = "[No Variations]"
Add component (AddParameter): Name = "Value"; Value = "10"; VariantName = "[No Variations]"
Added Component: Designator=R?(RES 1/2W)
Add component. Clean all parameters for all variants
Add component (AddParameter): Name = "Value"; Value = "10"; VariantName = "[No Variations]"
Add component (AddParameter): Name = "Value"; Value = "100"; VariantName = "[No Variations]"
Added Component: Designator=R?(RES 1/2W)
Add component. Clean all parameters for all variants
Add component (AddParameter): Name = "Value"; Value = "100"; VariantName = "[No Variations]"
Add component (AddParameter): Name = "Value"; Value = "220"; VariantName = "[No Variations]"
Added Component: Designator=R?(RES 1/2W)
Add component. Clean all parameters for all variants
Add component (AddParameter): Name = "Value"; Value = "220"; VariantName = "[No Variations]"
Added Component: Designator=S?(SW2)
Add component. Clean all parameters for all variants
Added Component: Designator=U?(DIP20/W0.3)
Add component. Clean all parameters for all variants
Added Pin To Net: NetName=3v3 Pin=*?-9
Added Pin To Net: NetName=3v3 Pin=C?-2
Added Pin To Net: NetName=3v3 Pin=C?-2
Added Pin To Net: NetName=3v3 Pin=C?-2
Added Pin To Net: NetName=3v3 Pin=IC?-8
Added Pin To Net: NetName=3v3 Pin=LM?-3
Added Pin To Net: NetName=3v3 Pin=R?-2
Added Pin To Net: NetName=3v3 Pin=R?-2
Added Pin To Net: NetName=3v3 Pin=U?-1
Added Net: Name=3v3
Added Pin To Net: NetName=ADC_IN Pin=C?-1
Added Pin To Net: NetName=ADC_IN Pin=R?-2
Added Pin To Net: NetName=ADC_IN Pin=U?-7
Added Net: Name=ADC_IN
Added Pin To Net: NetName=G1 Pin=Q?-1
Added Pin To Net: NetName=G1 Pin=R?-1
Added Pin To Net: NetName=G1 Pin=R?-2
Added Net: Name=G1
Added Pin To Net: NetName=G2 Pin=Q?-1
Added Pin To Net: NetName=G2 Pin=R?-2
Added Pin To Net: NetName=G2 Pin=R?-2
Added Net: Name=G2
Added Pin To Net: NetName=Net*?_1 Pin=*?-1
Added Pin To Net: NetName=Net*?_1 Pin=R?-1
Added Net: Name=Net*?_1
Added Pin To Net: NetName=Net*?_6 Pin=*?-6
Added Pin To Net: NetName=Net*?_6 Pin=C?-1
Added Pin To Net: NetName=Net*?_6 Pin=D?-2
Added Net: Name=Net*?_6
Added Pin To Net: NetName=Net*?_7 Pin=*?-7
Added Pin To Net: NetName=Net*?_7 Pin=R?-1
Added Net: Name=Net*?_7
Added Pin To Net: NetName=NetC?_2 Pin=C?-2
Added Pin To Net: NetName=NetC?_2 Pin=IC?-3
Added Net: Name=NetC?_2
Added Pin To Net: NetName=NetD?_1 Pin=D?-1
Added Pin To Net: NetName=NetD?_1 Pin=R?-1
Added Net: Name=NetD?_1
Added Pin To Net: NetName=NetIC?_1 Pin=IC?-1
Added Pin To Net: NetName=NetIC?_1 Pin=IC?-2
Added Pin To Net: NetName=NetIC?_1 Pin=R?-1
Added Net: Name=NetIC?_1
Added Pin To Net: NetName=NetR?_1 Pin=R?-1
Added Pin To Net: NetName=NetR?_1 Pin=R?-2
Added Net: Name=NetR?_1
Added Pin To Net: NetName=PWM_H Pin=*?-10
Added Pin To Net: NetName=PWM_H Pin=U?-12
Added Net: Name=PWM_H
Added Pin To Net: NetName=PWM_L Pin=*?-12
Added Pin To Net: NetName=PWM_L Pin=U?-9
Added Net: Name=PWM_L
Added Pin To Net: NetName=RESET Pin=C?-2
Added Pin To Net: NetName=RESET Pin=P?-2
Added Pin To Net: NetName=RESET Pin=R?-1
Added Pin To Net: NetName=RESET Pin=S?-1
Added Pin To Net: NetName=RESET Pin=U?-16
Added Net: Name=RESET
Added Pin To Net: NetName=RXD Pin=P?-2
Added Pin To Net: NetName=RXD Pin=U?-4
Added Net: Name=RXD
Added Pin To Net: NetName=S1 Pin=*?-5
Added Pin To Net: NetName=S1 Pin=C?-2
Added Pin To Net: NetName=S1 Pin=L?-1
Added Pin To Net: NetName=S1 Pin=Q?-2
Added Pin To Net: NetName=S1 Pin=Q?-3
Added Pin To Net: NetName=S1 Pin=R?-2
Added Net: Name=S1
Added Pin To Net: NetName=S2 Pin=*?-2
Added Pin To Net: NetName=S2 Pin=*?-11
Added Pin To Net: NetName=S2 Pin=*?-13
Added Pin To Net: NetName=S2 Pin=C?-1
Added Pin To Net: NetName=S2 Pin=C?-1
Added Pin To Net: NetName=S2 Pin=C?-1
Added Pin To Net: NetName=S2 Pin=C?-1
Added Pin To Net: NetName=S2 Pin=C?-1
Added Pin To Net: NetName=S2 Pin=C?-1
Added Pin To Net: NetName=S2 Pin=C?-1
Added Pin To Net: NetName=S2 Pin=C?-1
Added Pin To Net: NetName=S2 Pin=C?-1
Added Pin To Net: NetName=S2 Pin=C?-1
Added Pin To Net: NetName=S2 Pin=C?-2
Added Pin To Net: NetName=S2 Pin=C?-2
Added Pin To Net: NetName=S2 Pin=C?-2
Added Pin To Net: NetName=S2 Pin=C?-2
Added Pin To Net: NetName=S2 Pin=D?-2
Added Pin To Net: NetName=S2 Pin=D?-2
Added Pin To Net: NetName=S2 Pin=IC?-4
Added Pin To Net: NetName=S2 Pin=LM?-2
Added Pin To Net: NetName=S2 Pin=LM?-2
Added Pin To Net: NetName=S2 Pin=P?-2
Added Pin To Net: NetName=S2 Pin=P?-2
Added Pin To Net: NetName=S2 Pin=P?-3
Added Pin To Net: NetName=S2 Pin=P?-3
Added Pin To Net: NetName=S2 Pin=Q?-3
Added Pin To Net: NetName=S2 Pin=R?-1
Added Pin To Net: NetName=S2 Pin=R?-1
Added Pin To Net: NetName=S2 Pin=S?-2
Added Pin To Net: NetName=S2 Pin=U?-20
Added Net: Name=S2
Added Pin To Net: NetName=TEST Pin=P?-1
Added Pin To Net: NetName=TEST Pin=U?-17
Added Net: Name=TEST
Added Pin To Net: NetName=TXD Pin=P?-1
Added Pin To Net: NetName=TXD Pin=U?-3
Added Net: Name=TXD
Added Pin To Net: NetName=Vin Pin=*?-3
Added Pin To Net: NetName=Vin Pin=C?-1
Added Pin To Net: NetName=Vin Pin=C?-1
Added Pin To Net: NetName=Vin Pin=C?-2
Added Pin To Net: NetName=Vin Pin=C?-2
Added Pin To Net: NetName=Vin Pin=C?-2
Added Pin To Net: NetName=Vin Pin=D?-1
Added Pin To Net: NetName=Vin Pin=LM?-1
Added Pin To Net: NetName=Vin Pin=P?-1
Added Pin To Net: NetName=Vin Pin=Q?-2
Added Net: Name=Vin
Added Pin To Net: NetName=Vout Pin=C?-1
Added Pin To Net: NetName=Vout Pin=L?-2
Added Pin To Net: NetName=Vout Pin=P?-1
Added Pin To Net: NetName=Vout Pin=R?-2
Added Net: Name=Vout
Added Class: Name=SCHEMATIC_BUCK_OFFICIAL
Added Room: Name=SCHEMATIC_BUCK_OFFICIAL
