Added Component: Designator=*1(IR_2110_2)
Add component. Clean all parameters for all variants
Add component (AddParameter): Name = "Value"; Value = "0.33uF"; VariantName = "[No Variations]"
Added Component: Designator=C1(CN1)
Add component. Clean all parameters for all variants
Add component (AddParameter): Name = "Value"; Value = "0.33uF"; VariantName = "[No Variations]"
Add component (AddParameter): Name = "Value"; Value = "0.1uF"; VariantName = "[No Variations]"
Added Component: Designator=C2(CN1)
Add component. Clean all parameters for all variants
Add component (AddParameter): Name = "Value"; Value = "0.1uF"; VariantName = "[No Variations]"
Add component (AddParameter): Name = "Value"; Value = "0.33uF"; VariantName = "[No Variations]"
Added Component: Designator=C3(CN1)
Add component. Clean all parameters for all variants
Add component (AddParameter): Name = "Value"; Value = "0.33uF"; VariantName = "[No Variations]"
Add component (AddParameter): Name = "Value"; Value = "0.1uF"; VariantName = "[No Variations]"
Added Component: Designator=C4(CN1)
Add component. Clean all parameters for all variants
Add component (AddParameter): Name = "Value"; Value = "0.1uF"; VariantName = "[No Variations]"
Add component (AddParameter): Name = "Value"; Value = "470uF/25V"; VariantName = "[No Variations]"
Added Component: Designator=C5(CP1/2)
Add component. Clean all parameters for all variants
Add component (AddParameter): Name = "Value"; Value = "470uF/25V"; VariantName = "[No Variations]"
Add component (AddParameter): Name = "Value"; Value = "470uF/50V"; VariantName = "[No Variations]"
Added Component: Designator=C6(CP1/2)
Add component. Clean all parameters for all variants
Add component (AddParameter): Name = "Value"; Value = "470uF/50V"; VariantName = "[No Variations]"
Add component (AddParameter): Name = "Value"; Value = "100nF"; VariantName = "[No Variations]"
Added Component: Designator=C7(CN1)
Add component. Clean all parameters for all variants
Add component (AddParameter): Name = "Value"; Value = "100nF"; VariantName = "[No Variations]"
Add component (AddParameter): Name = "Value"; Value = "10nF"; VariantName = "[No Variations]"
Added Component: Designator=C8(CN1)
Add component. Clean all parameters for all variants
Add component (AddParameter): Name = "Value"; Value = "10nF"; VariantName = "[No Variations]"
Add component (AddParameter): Name = "Value"; Value = "10nF"; VariantName = "[No Variations]"
Added Component: Designator=C9(CN1)
Add component. Clean all parameters for all variants
Add component (AddParameter): Name = "Value"; Value = "10nF"; VariantName = "[No Variations]"
Add component (AddParameter): Name = "Value"; Value = "100nF"; VariantName = "[No Variations]"
Added Component: Designator=C10(CN1)
Add component. Clean all parameters for all variants
Add component (AddParameter): Name = "Value"; Value = "100nF"; VariantName = "[No Variations]"
Add component (AddParameter): Name = "Value"; Value = "1uF"; VariantName = "[No Variations]"
Added Component: Designator=C11(CP1/2)
Add component. Clean all parameters for all variants
Add component (AddParameter): Name = "Value"; Value = "1uF"; VariantName = "[No Variations]"
Add component (AddParameter): Name = "Value"; Value = "100nF"; VariantName = "[No Variations]"
Added Component: Designator=C12(CN1)
Add component. Clean all parameters for all variants
Add component (AddParameter): Name = "Value"; Value = "100nF"; VariantName = "[No Variations]"
Add component (AddParameter): Name = "Value"; Value = "100nF"; VariantName = "[No Variations]"
Added Component: Designator=C13(CN1)
Add component. Clean all parameters for all variants
Add component (AddParameter): Name = "Value"; Value = "100nF"; VariantName = "[No Variations]"
Add component (AddParameter): Name = "Value"; Value = "1nF"; VariantName = "[No Variations]"
Added Component: Designator=C14(CN1)
Add component. Clean all parameters for all variants
Add component (AddParameter): Name = "Value"; Value = "1nF"; VariantName = "[No Variations]"
Add component (AddParameter): Name = "Value"; Value = "10uF"; VariantName = "[No Variations]"
Added Component: Designator=C15(CP1/2)
Add component. Clean all parameters for all variants
Add component (AddParameter): Name = "Value"; Value = "10uF"; VariantName = "[No Variations]"
Added Component: Designator=D1(LED-3mm)
Add component. Clean all parameters for all variants
Added Component: Designator=D2(LED-3mm)
Add component. Clean all parameters for all variants
Added Component: Designator=D3(D1A)
Add component. Clean all parameters for all variants
Add component (AddParameter): Name = "Value"; Value = "LM358"; VariantName = "[No Variations]"
Added Component: Designator=IC1(DIP8/W0.3)
Add component. Clean all parameters for all variants
Add component (AddParameter): Name = "Value"; Value = "LM358"; VariantName = "[No Variations]"
Add component (AddParameter): Name = "Value"; Value = "150 mH"; VariantName = "[No Variations]"
Added Component: Designator=L1(L/0.4)
Add component. Clean all parameters for all variants
Add component (AddParameter): Name = "Value"; Value = "150 mH"; VariantName = "[No Variations]"
Added Component: Designator=LM1(QTO-220)
Add component. Clean all parameters for all variants
Added Component: Designator=LM2(QTO-220)
Add component. Clean all parameters for all variants
Add component (AddParameter): Name = "LatestRevisionDate"; Value = "17-Jul-2002"; VariantName = "[No Variations]"
Add component (AddParameter): Name = "LatestRevisionNote"; Value = "Re-released for DXP Platform."; VariantName = "[No Variations]"
Add component (AddParameter): Name = "Publisher"; Value = "Altium Limited"; VariantName = "[No Variations]"
Added Component: Designator=P1(DOMINO 2- 5mm)
Add component. Clean all parameters for all variants
Add component (AddParameter): Name = "LatestRevisionDate"; Value = "17-Jul-2002"; VariantName = "[No Variations]"
Add component (AddParameter): Name = "LatestRevisionNote"; Value = "Re-released for DXP Platform."; VariantName = "[No Variations]"
Add component (AddParameter): Name = "Publisher"; Value = "Altium Limited"; VariantName = "[No Variations]"
Add component (AddParameter): Name = "LatestRevisionDate"; Value = "17-Jul-2002"; VariantName = "[No Variations]"
Add component (AddParameter): Name = "LatestRevisionNote"; Value = "Re-released for DXP Platform."; VariantName = "[No Variations]"
Add component (AddParameter): Name = "Publisher"; Value = "Altium Limited"; VariantName = "[No Variations]"
Added Component: Designator=P2(DOMINO 2- 5mm)
Add component. Clean all parameters for all variants
Add component (AddParameter): Name = "LatestRevisionDate"; Value = "17-Jul-2002"; VariantName = "[No Variations]"
Add component (AddParameter): Name = "LatestRevisionNote"; Value = "Re-released for DXP Platform."; VariantName = "[No Variations]"
Add component (AddParameter): Name = "Publisher"; Value = "Altium Limited"; VariantName = "[No Variations]"
Add component (AddParameter): Name = "LatestRevisionDate"; Value = "17-Jul-2002"; VariantName = "[No Variations]"
Add component (AddParameter): Name = "LatestRevisionNote"; Value = "Re-released for DXP Platform."; VariantName = "[No Variations]"
Add component (AddParameter): Name = "Publisher"; Value = "Altium Limited"; VariantName = "[No Variations]"
Added Component: Designator=P3(JP3)
Add component. Clean all parameters for all variants
Add component (AddParameter): Name = "LatestRevisionDate"; Value = "17-Jul-2002"; VariantName = "[No Variations]"
Add component (AddParameter): Name = "LatestRevisionNote"; Value = "Re-released for DXP Platform."; VariantName = "[No Variations]"
Add component (AddParameter): Name = "Publisher"; Value = "Altium Limited"; VariantName = "[No Variations]"
Add component (AddParameter): Name = "LatestRevisionDate"; Value = "17-Jul-2002"; VariantName = "[No Variations]"
Add component (AddParameter): Name = "LatestRevisionNote"; Value = "Re-released for DXP Platform."; VariantName = "[No Variations]"
Add component (AddParameter): Name = "Publisher"; Value = "Altium Limited"; VariantName = "[No Variations]"
Added Component: Designator=P4(JP3)
Add component. Clean all parameters for all variants
Add component (AddParameter): Name = "LatestRevisionDate"; Value = "17-Jul-2002"; VariantName = "[No Variations]"
Add component (AddParameter): Name = "LatestRevisionNote"; Value = "Re-released for DXP Platform."; VariantName = "[No Variations]"
Add component (AddParameter): Name = "Publisher"; Value = "Altium Limited"; VariantName = "[No Variations]"
Add component (AddParameter): Name = "Value"; Value = "IRF840"; VariantName = "[No Variations]"
Added Component: Designator=Q1(QTO-220)
Add component. Clean all parameters for all variants
Add component (AddParameter): Name = "Value"; Value = "IRF840"; VariantName = "[No Variations]"
Add component (AddParameter): Name = "Value"; Value = "IRF840"; VariantName = "[No Variations]"
Added Component: Designator=Q2(QTO-220)
Add component. Clean all parameters for all variants
Add component (AddParameter): Name = "Value"; Value = "IRF840"; VariantName = "[No Variations]"
Add component (AddParameter): Name = "Value"; Value = "220"; VariantName = "[No Variations]"
Added Component: Designator=R1(RES 1/2W)
Add component. Clean all parameters for all variants
Add component (AddParameter): Name = "Value"; Value = "220"; VariantName = "[No Variations]"
Add component (AddParameter): Name = "Value"; Value = "100"; VariantName = "[No Variations]"
Added Component: Designator=R2(RES 1/2W)
Add component. Clean all parameters for all variants
Add component (AddParameter): Name = "Value"; Value = "100"; VariantName = "[No Variations]"
Add component (AddParameter): Name = "Value"; Value = "2.2K"; VariantName = "[No Variations]"
Added Component: Designator=R3(RES 1/2W)
Add component. Clean all parameters for all variants
Add component (AddParameter): Name = "Value"; Value = "2.2K"; VariantName = "[No Variations]"
Add component (AddParameter): Name = "Value"; Value = "1K"; VariantName = "[No Variations]"
Added Component: Designator=R4(RES 1/2W)
Add component. Clean all parameters for all variants
Add component (AddParameter): Name = "Value"; Value = "1K"; VariantName = "[No Variations]"
Add component (AddParameter): Name = "Value"; Value = "27"; VariantName = "[No Variations]"
Added Component: Designator=R5(RES-SM-0805)
Add component. Clean all parameters for all variants
Add component (AddParameter): Name = "Value"; Value = "27"; VariantName = "[No Variations]"
Add component (AddParameter): Name = "Value"; Value = "1K"; VariantName = "[No Variations]"
Added Component: Designator=R6(RES 1/2W)
Add component. Clean all parameters for all variants
Add component (AddParameter): Name = "Value"; Value = "1K"; VariantName = "[No Variations]"
Add component (AddParameter): Name = "Value"; Value = "1K"; VariantName = "[No Variations]"
Added Component: Designator=R7(RES 1/2W)
Add component. Clean all parameters for all variants
Add component (AddParameter): Name = "Value"; Value = "1K"; VariantName = "[No Variations]"
Add component (AddParameter): Name = "Value"; Value = "10"; VariantName = "[No Variations]"
Added Component: Designator=R8(RES 1/2W)
Add component. Clean all parameters for all variants
Add component (AddParameter): Name = "Value"; Value = "10"; VariantName = "[No Variations]"
Add component (AddParameter): Name = "Value"; Value = "47K"; VariantName = "[No Variations]"
Added Component: Designator=R9(RES 1/2W)
Add component. Clean all parameters for all variants
Add component (AddParameter): Name = "Value"; Value = "47K"; VariantName = "[No Variations]"
Add component (AddParameter): Name = "Value"; Value = "10"; VariantName = "[No Variations]"
Added Component: Designator=R10(RES 1/2W)
Add component. Clean all parameters for all variants
Add component (AddParameter): Name = "Value"; Value = "10"; VariantName = "[No Variations]"
Added Component: Designator=S1(SW2)
Add component. Clean all parameters for all variants
Added Component: Designator=U1(DIP20/W0.3)
Add component. Clean all parameters for all variants
Added Pin To Net: NetName=3v3 Pin=*1-9
Added Pin To Net: NetName=3v3 Pin=C4-2
Added Pin To Net: NetName=3v3 Pin=C10-2
Added Pin To Net: NetName=3v3 Pin=C13-2
Added Pin To Net: NetName=3v3 Pin=IC1-8
Added Pin To Net: NetName=3v3 Pin=LM2-3
Added Pin To Net: NetName=3v3 Pin=R2-2
Added Pin To Net: NetName=3v3 Pin=R9-2
Added Pin To Net: NetName=3v3 Pin=U1-1
Added Net: Name=3v3
Added Pin To Net: NetName=ADC_IN Pin=C9-1
Added Pin To Net: NetName=ADC_IN Pin=R5-2
Added Pin To Net: NetName=ADC_IN Pin=U1-7
Added Net: Name=ADC_IN
Added Pin To Net: NetName=G1 Pin=Q1-1
Added Pin To Net: NetName=G1 Pin=R4-1
Added Pin To Net: NetName=G1 Pin=R8-2
Added Net: Name=G1
Added Pin To Net: NetName=G2 Pin=Q2-1
Added Pin To Net: NetName=G2 Pin=R7-2
Added Pin To Net: NetName=G2 Pin=R10-2
Added Net: Name=G2
Added Pin To Net: NetName=Net*1_1 Pin=*1-1
Added Pin To Net: NetName=Net*1_1 Pin=R10-1
Added Net: Name=Net*1_1
Added Pin To Net: NetName=Net*1_6 Pin=*1-6
Added Pin To Net: NetName=Net*1_6 Pin=C11-1
Added Pin To Net: NetName=Net*1_6 Pin=D3-2
Added Net: Name=Net*1_6
Added Pin To Net: NetName=Net*1_7 Pin=*1-7
Added Pin To Net: NetName=Net*1_7 Pin=R8-1
Added Net: Name=Net*1_7
Added Pin To Net: NetName=NetC2_2 Pin=C2-2
Added Pin To Net: NetName=NetC2_2 Pin=C3-2
Added Pin To Net: NetName=NetC2_2 Pin=LM1-3
Added Pin To Net: NetName=NetC2_2 Pin=LM2-1
Added Pin To Net: NetName=NetC2_2 Pin=R1-2
Added Net: Name=NetC2_2
Added Pin To Net: NetName=NetC8_2 Pin=C8-2
Added Pin To Net: NetName=NetC8_2 Pin=IC1-3
Added Net: Name=NetC8_2
Added Pin To Net: NetName=NetD1_1 Pin=D1-1
Added Pin To Net: NetName=NetD1_1 Pin=R1-1
Added Net: Name=NetD1_1
Added Pin To Net: NetName=NetD2_1 Pin=D2-1
Added Pin To Net: NetName=NetD2_1 Pin=R2-1
Added Net: Name=NetD2_1
Added Pin To Net: NetName=NetIC1_1 Pin=IC1-1
Added Pin To Net: NetName=NetIC1_1 Pin=IC1-2
Added Pin To Net: NetName=NetIC1_1 Pin=R5-1
Added Net: Name=NetIC1_1
Added Pin To Net: NetName=NetR3_1 Pin=R3-1
Added Pin To Net: NetName=NetR3_1 Pin=R6-2
Added Net: Name=NetR3_1
Added Pin To Net: NetName=PWM_H Pin=*1-10
Added Pin To Net: NetName=PWM_H Pin=U1-12
Added Net: Name=PWM_H
Added Pin To Net: NetName=PWM_L Pin=*1-12
Added Pin To Net: NetName=PWM_L Pin=U1-9
Added Net: Name=PWM_L
Added Pin To Net: NetName=RESET Pin=C14-2
Added Pin To Net: NetName=RESET Pin=P4-2
Added Pin To Net: NetName=RESET Pin=R9-1
Added Pin To Net: NetName=RESET Pin=S1-1
Added Pin To Net: NetName=RESET Pin=U1-16
Added Net: Name=RESET
Added Pin To Net: NetName=RXD Pin=P3-2
Added Pin To Net: NetName=RXD Pin=U1-4
Added Net: Name=RXD
Added Pin To Net: NetName=S1 Pin=*1-5
Added Pin To Net: NetName=S1 Pin=C11-2
Added Pin To Net: NetName=S1 Pin=L1-1
Added Pin To Net: NetName=S1 Pin=Q1-3
Added Pin To Net: NetName=S1 Pin=Q2-2
Added Pin To Net: NetName=S1 Pin=R4-2
Added Net: Name=S1
Added Pin To Net: NetName=S2 Pin=*1-2
Added Pin To Net: NetName=S2 Pin=*1-11
Added Pin To Net: NetName=S2 Pin=*1-13
Added Pin To Net: NetName=S2 Pin=C1-1
Added Pin To Net: NetName=S2 Pin=C2-1
Added Pin To Net: NetName=S2 Pin=C3-1
Added Pin To Net: NetName=S2 Pin=C4-1
Added Pin To Net: NetName=S2 Pin=C5-2
Added Pin To Net: NetName=S2 Pin=C6-2
Added Pin To Net: NetName=S2 Pin=C7-1
Added Pin To Net: NetName=S2 Pin=C8-1
Added Pin To Net: NetName=S2 Pin=C9-2
Added Pin To Net: NetName=S2 Pin=C10-1
Added Pin To Net: NetName=S2 Pin=C12-1
Added Pin To Net: NetName=S2 Pin=C13-1
Added Pin To Net: NetName=S2 Pin=C14-1
Added Pin To Net: NetName=S2 Pin=C15-2
Added Pin To Net: NetName=S2 Pin=D1-2
Added Pin To Net: NetName=S2 Pin=D2-2
Added Pin To Net: NetName=S2 Pin=IC1-4
Added Pin To Net: NetName=S2 Pin=LM1-2
Added Pin To Net: NetName=S2 Pin=LM2-2
Added Pin To Net: NetName=S2 Pin=P1-2
Added Pin To Net: NetName=S2 Pin=P2-2
Added Pin To Net: NetName=S2 Pin=P3-3
Added Pin To Net: NetName=S2 Pin=P4-3
Added Pin To Net: NetName=S2 Pin=Q2-3
Added Pin To Net: NetName=S2 Pin=R6-1
Added Pin To Net: NetName=S2 Pin=R7-1
Added Pin To Net: NetName=S2 Pin=S1-2
Added Pin To Net: NetName=S2 Pin=U1-20
Added Net: Name=S2
Added Pin To Net: NetName=TEST Pin=P4-1
Added Pin To Net: NetName=TEST Pin=U1-17
Added Net: Name=TEST
Added Pin To Net: NetName=TXD Pin=P3-1
Added Pin To Net: NetName=TXD Pin=U1-3
Added Net: Name=TXD
Added Pin To Net: NetName=Vin Pin=*1-3
Added Pin To Net: NetName=Vin Pin=C1-2
Added Pin To Net: NetName=Vin Pin=C6-1
Added Pin To Net: NetName=Vin Pin=C7-2
Added Pin To Net: NetName=Vin Pin=C12-2
Added Pin To Net: NetName=Vin Pin=C15-1
Added Pin To Net: NetName=Vin Pin=D3-1
Added Pin To Net: NetName=Vin Pin=LM1-1
Added Pin To Net: NetName=Vin Pin=P2-1
Added Pin To Net: NetName=Vin Pin=Q1-2
Added Net: Name=Vin
Added Pin To Net: NetName=Vout Pin=C5-1
Added Pin To Net: NetName=Vout Pin=L1-2
Added Pin To Net: NetName=Vout Pin=P1-1
Added Pin To Net: NetName=Vout Pin=R3-2
Added Net: Name=Vout
Added Class: Name=SCHEMATIC_BUCK_OFFICIAL
Added Room: Name=SCHEMATIC_BUCK_OFFICIAL
